Subscribed: IOLINK_154_16 - 2025-02-10T02:44:55.072Z
Subscribed: IOLINK_154_16 - 2025-02-10T02:44:55.079Z
Subscribed: Root - 2025-02-10T02:44:55.080Z
Subscribed: C300_262_88 - 2025-02-10T02:44:55.084Z
Subscribed: IOLINK_153_18 - 2025-02-10T02:44:55.083Z
Subscribed: CEEC300_155_78 - 2025-02-10T02:44:55.082Z
Subscribed: IOLINK_153_18 - 2025-02-10T02:44:55.085Z
Subscribed: IOLINK_154_16 - 2025-02-10T02:44:55.092Z
Subscribed: C300_262_88 - 2025-02-10T02:44:55.087Z
Subscribed: IOLINK_153_18 - 2025-02-10T02:44:55.090Z
Subscribed: C300_262_88 - 2025-02-10T02:44:55.094Z
Subscribed: IOLINK_153_18 - 2025-02-10T02:44:55.096Z
Subscribed: IOLINK_153_18 - 2025-02-10T02:44:55.098Z
Subscribed: IOLINK_154_16 - 2025-02-10T02:44:55.099Z
Subscribed: C300_262_88 - 2025-02-10T02:44:55.101Z
Subscribed: IOLINK_154_16 - 2025-02-10T02:44:55.102Z
Subscribed: C300_262_88 - 2025-02-10T02:44:55.105Z
Subscribed: IOLINK_153_18 - 2025-02-10T02:44:55.106Z
Subscribed: IOLINK_154_16 - 2025-02-10T02:44:55.107Z
Subscribed: C300_262_88 - 2025-02-10T02:44:55.108Z
Subscribed: IOLINK_153_18 - 2025-02-10T02:44:55.110Z
Subscribed: AO_203 - 2025-02-10T02:45:07.532Z
Subscribed: UIO-2_221 - 2025-02-10T02:45:07.536Z
Subscribed: DI-HV_169 - 2025-02-10T02:45:07.535Z
Subscribed: AO_203_89 - 2025-02-10T02:45:07.538Z
Subscribed: DI-HV_169_45 - 2025-02-10T02:45:07.539Z
Subscribed: UIO-2_221_6 - 2025-02-10T02:45:07.540Z
Unsubscribed: DI-HV_169_45 - 2025-02-10T02:45:13.169Z
Unsubscribed: UIO-2_221_6 - 2025-02-10T02:45:13.170Z
Unsubscribed: AO_203 - 2025-02-10T02:45:13.167Z
Unsubscribed: DI-HV_169 - 2025-02-10T02:45:13.173Z
Unsubscribed: AO_203_89 - 2025-02-10T02:45:13.177Z
Unsubscribed: UIO-2_221 - 2025-02-10T02:45:13.175Z
Subscribed: CEEC300_155 - 2025-02-10T02:45:13.217Z
Subscribed: SCM_grid - 2025-02-10T02:45:13.221Z
Subscribed: IOLINK_153 - 2025-02-10T02:45:13.218Z
Subscribed: IOLINK_154 - 2025-02-10T02:45:13.220Z
Subscribed: SCM_grid_32 - 2025-02-10T02:45:13.222Z
Unsubscribed: CEEC300_155 - 2025-02-10T02:45:25.182Z
Unsubscribed: IOLINK_154 - 2025-02-10T02:45:25.184Z
Unsubscribed: IOLINK_153 - 2025-02-10T02:45:25.183Z
Unsubscribed: SCM_grid - 2025-02-10T02:45:25.186Z
Unsubscribed: SCM_grid_32 - 2025-02-10T02:45:25.187Z
Subscribed: SCM_grid - 2025-02-10T02:45:25.540Z
Subscribed: SCM_grid_32 - 2025-02-10T02:45:25.541Z
Subscribed: SCM_grid_321 - 2025-02-10T02:45:25.543Z
Subscribed: SCM_grid_2 - 2025-02-10T02:45:25.544Z
Subscribed: SCM_grid1 - 2025-02-10T02:45:25.542Z
Subscribed: SCM_grid_322 - 2025-02-10T02:45:25.546Z
Subscribed: SCM_grid3 - 2025-02-10T02:45:25.546Z
Subscribed: SCM_grid_323 - 2025-02-10T02:45:25.547Z
Subscribed: SCM_grid4 - 2025-02-10T02:45:25.549Z
Subscribed: SCM_grid_324 - 2025-02-10T02:45:25.550Z
Subscribed: SCM_grid5 - 2025-02-10T02:45:25.551Z
Subscribed: SCM_grid_325 - 2025-02-10T02:45:25.552Z
Subscribed: SCM_grid_326 - 2025-02-10T02:45:25.555Z
Subscribed: SCM_grid7 - 2025-02-10T02:45:25.557Z
Subscribed: SCM_grid6 - 2025-02-10T02:45:25.554Z
Subscribed: SCM_grid_328 - 2025-02-10T02:45:25.560Z
Subscribed: SCM_grid8 - 2025-02-10T02:45:25.559Z
Subscribed: SCM_grid_329 - 2025-02-10T02:45:25.562Z
Subscribed: SCM_grid9 - 2025-02-10T02:45:25.561Z
Subscribed: SCM_grid_327 - 2025-02-10T02:45:25.558Z
Subscribed: Root - 2025-02-10T02:45:48.831Z
Subscribed: IOLINK_153_18 - 2025-02-10T02:45:48.833Z
Subscribed: CEEC300_155_78 - 2025-02-10T02:45:48.832Z
Subscribed: IOLINK_154_16 - 2025-02-10T02:45:48.834Z
Subscribed: IOLINK_154_16 - 2025-02-10T02:45:48.836Z
Subscribed: C300_262_88 - 2025-02-10T02:45:48.835Z
Subscribed: C300_262_88 - 2025-02-10T02:45:48.837Z
Subscribed: IOLINK_153_18 - 2025-02-10T02:45:48.838Z
Subscribed: IOLINK_153_18 - 2025-02-10T02:45:48.835Z
Subscribed: IOLINK_154_16 - 2025-02-10T02:45:48.839Z
Subscribed: C300_262_88 - 2025-02-10T02:45:48.840Z
Subscribed: IOLINK_154_16 - 2025-02-10T02:45:48.842Z
Subscribed: IOLINK_153_18 - 2025-02-10T02:45:48.841Z
Subscribed: C300_262_88 - 2025-02-10T02:45:48.843Z
Subscribed: C300_262_88 - 2025-02-10T02:45:48.847Z
Subscribed: IOLINK_153_18 - 2025-02-10T02:45:48.845Z
Subscribed: IOLINK_153_18 - 2025-02-10T02:45:48.848Z
Subscribed: IOLINK_154_16 - 2025-02-10T02:45:48.849Z
Subscribed: IOLINK_154_16 - 2025-02-10T02:45:48.846Z
Subscribed: C300_262_88 - 2025-02-10T02:45:48.850Z
Subscribed: IOLINK_153_18 - 2025-02-10T02:45:48.851Z
Subscribed: SCM_grid_326 - 2025-02-10T02:47:41.545Z
Subscribed: SCM_grid - 2025-02-10T02:47:41.542Z
Subscribed: SCM_grid7 - 2025-02-10T02:47:41.546Z
Subscribed: SCM_grid8 - 2025-02-10T02:47:41.549Z
Subscribed: SCM_grid_327 - 2025-02-10T02:47:41.548Z
Subscribed: SCM_grid_328 - 2025-02-10T02:47:41.550Z
Subscribed: SCM_grid9 - 2025-02-10T02:47:41.552Z
Subscribed: SCM_grid1 - 2025-02-10T02:47:41.558Z
Subscribed: SCM_grid_329 - 2025-02-10T02:47:41.554Z
Subscribed: SCM_grid_321 - 2025-02-10T02:47:41.559Z
Subscribed: SCM_grid_32 - 2025-02-10T02:47:41.556Z
Subscribed: SCM_grid_322 - 2025-02-10T02:47:41.565Z
Subscribed: SCM_grid_2 - 2025-02-10T02:47:41.562Z
Subscribed: SCM_grid_324 - 2025-02-10T02:47:41.571Z
Subscribed: SCM_grid_323 - 2025-02-10T02:47:41.568Z
Subscribed: SCM_grid3 - 2025-02-10T02:47:41.566Z
Subscribed: SCM_grid4 - 2025-02-10T02:47:41.570Z
Subscribed: SCM_grid5 - 2025-02-10T02:47:41.573Z
Subscribed: SCM_grid6 - 2025-02-10T02:47:41.576Z
Subscribed: SCM_grid_325 - 2025-02-10T02:47:41.575Z
Unsubscribed: SCM_grid_329 - 2025-02-10T03:13:02.602Z
Unsubscribed: SCM_grid - 2025-02-10T03:13:02.601Z
Subscribed: DI-HV_169 - 2025-02-10T03:13:02.604Z
Unsubscribed: SCM_grid_32 - 2025-02-10T03:13:02.605Z
Subscribed: AO_203 - 2025-02-10T03:13:02.603Z
Subscribed: UIO-2_221 - 2025-02-10T03:13:02.606Z
Unsubscribed: SCM_grid_2 - 2025-02-10T03:13:02.608Z
Subscribed: AO_203_89 - 2025-02-10T03:13:02.609Z
Unsubscribed: SCM_grid1 - 2025-02-10T03:13:02.612Z
Subscribed: DI-HV_169_45 - 2025-02-10T03:13:02.610Z
Subscribed: UIO-2_221_6 - 2025-02-10T03:13:02.611Z
Unsubscribed: SCM_grid_321 - 2025-02-10T03:13:02.613Z
Unsubscribed: SCM_grid_322 - 2025-02-10T03:13:02.614Z
Unsubscribed: SCM_grid3 - 2025-02-10T03:13:02.615Z
Unsubscribed: SCM_grid_323 - 2025-02-10T03:13:02.616Z
Unsubscribed: SCM_grid4 - 2025-02-10T03:13:02.617Z
Unsubscribed: SCM_grid_324 - 2025-02-10T03:13:02.617Z
Unsubscribed: SCM_grid6 - 2025-02-10T03:13:02.622Z
Unsubscribed: SCM_grid_325 - 2025-02-10T03:13:02.620Z
Unsubscribed: SCM_grid7 - 2025-02-10T03:13:02.624Z
Unsubscribed: SCM_grid5 - 2025-02-10T03:13:02.619Z
Unsubscribed: SCM_grid_326 - 2025-02-10T03:13:02.623Z
Unsubscribed: SCM_grid_327 - 2025-02-10T03:13:02.626Z
Unsubscribed: SCM_grid_328 - 2025-02-10T03:13:02.628Z
Unsubscribed: SCM_grid9 - 2025-02-10T03:13:02.629Z
Unsubscribed: SCM_grid8 - 2025-02-10T03:13:02.627Z
Subscribed: Root - 2025-02-10T04:32:53.496Z
Subscribed: CEEC300_155_78 - 2025-02-10T04:32:53.498Z
Subscribed: IOLINK_153_18 - 2025-02-10T04:32:53.499Z
Subscribed: IOLINK_153_18 - 2025-02-10T04:32:53.502Z
Subscribed: C300_262_88 - 2025-02-10T04:32:53.501Z
Subscribed: IOLINK_154_16 - 2025-02-10T04:32:53.500Z
Subscribed: IOLINK_154_16 - 2025-02-10T04:32:53.504Z
Subscribed: IOLINK_153_18 - 2025-02-10T04:32:53.507Z
Subscribed: C300_262_88 - 2025-02-10T04:32:53.505Z
Subscribed: C300_262_88 - 2025-02-10T04:32:53.509Z
Subscribed: IOLINK_154_16 - 2025-02-10T04:32:53.508Z
Subscribed: IOLINK_153_18 - 2025-02-10T04:32:53.511Z
Subscribed: IOLINK_153_18 - 2025-02-10T04:32:53.514Z
Subscribed: C300_262_88 - 2025-02-10T04:32:53.513Z
Subscribed: IOLINK_154_16 - 2025-02-10T04:32:53.512Z
Subscribed: C300_262_88 - 2025-02-10T04:32:53.517Z
Subscribed: IOLINK_154_16 - 2025-02-10T04:32:53.516Z
Subscribed: IOLINK_153_18 - 2025-02-10T04:32:53.519Z
Subscribed: IOLINK_154_16 - 2025-02-10T04:32:53.520Z
Subscribed: IOLINK_153_18 - 2025-02-10T04:32:53.524Z
Subscribed: C300_262_88 - 2025-02-10T04:32:53.522Z
Subscribed: Root - 2025-02-10T04:50:49.917Z
Subscribed: IOLINK_153_18 - 2025-02-10T04:50:49.919Z
Subscribed: IOLINK_154_16 - 2025-02-10T04:50:49.921Z
Subscribed: C300_262_88 - 2025-02-10T04:50:49.924Z
Subscribed: IOLINK_153_18 - 2025-02-10T04:50:49.926Z
Subscribed: IOLINK_154_16 - 2025-02-10T04:50:49.927Z
Subscribed: IOLINK_154_16 - 2025-02-10T04:50:49.932Z
Subscribed: C300_262_88 - 2025-02-10T04:50:49.929Z
Subscribed: IOLINK_153_18 - 2025-02-10T04:50:49.930Z
Subscribed: C300_262_88 - 2025-02-10T04:50:49.934Z
Subscribed: IOLINK_153_18 - 2025-02-10T04:50:49.938Z
Subscribed: CEEC300_155_78 - 2025-02-10T04:50:49.936Z
Subscribed: IOLINK_154_16 - 2025-02-10T04:50:49.944Z
Subscribed: IOLINK_153_18 - 2025-02-10T04:50:49.942Z
Subscribed: C300_262_88 - 2025-02-10T04:50:49.947Z
Subscribed: IOLINK_153_18 - 2025-02-10T04:50:49.949Z
Subscribed: IOLINK_154_16 - 2025-02-10T04:50:49.950Z
Subscribed: C300_262_88 - 2025-02-10T04:50:49.951Z
Subscribed: IOLINK_153_18 - 2025-02-10T04:50:49.953Z
Subscribed: IOLINK_154_16 - 2025-02-10T04:50:49.954Z
Subscribed: C300_262_88 - 2025-02-10T04:50:49.956Z
Subscribed: SCM_grid - 2025-02-10T04:52:13.119Z
Subscribed: SCM_grid_32 - 2025-02-10T04:52:13.120Z
Subscribed: SCM_grid1 - 2025-02-10T04:52:13.121Z
Subscribed: SCM_grid_2 - 2025-02-10T04:52:13.122Z
Subscribed: SCM_grid_321 - 2025-02-10T04:52:13.122Z
Subscribed: SCM_grid_322 - 2025-02-10T04:52:13.123Z
Subscribed: SCM_grid3 - 2025-02-10T04:52:13.124Z
Subscribed: SCM_grid_323 - 2025-02-10T04:52:13.124Z
Subscribed: SCM_grid5 - 2025-02-10T04:52:13.126Z
Subscribed: SCM_grid_324 - 2025-02-10T04:52:13.126Z
Subscribed: SCM_grid4 - 2025-02-10T04:52:13.125Z
Subscribed: SCM_grid_325 - 2025-02-10T04:52:13.127Z
Subscribed: SCM_grid7 - 2025-02-10T04:52:13.131Z
Subscribed: SCM_grid_326 - 2025-02-10T04:52:13.130Z
Subscribed: SCM_grid6 - 2025-02-10T04:52:13.128Z
Subscribed: SCM_grid_327 - 2025-02-10T04:52:13.132Z
Subscribed: SCM_grid8 - 2025-02-10T04:52:13.133Z
Subscribed: SCM_grid9 - 2025-02-10T04:52:13.134Z
Subscribed: SCM_grid_328 - 2025-02-10T04:52:13.134Z
Subscribed: SCM_grid_329 - 2025-02-10T04:52:13.135Z
Unsubscribed: SCM_grid - 2025-02-10T04:52:16.224Z
Unsubscribed: SCM_grid_32 - 2025-02-10T04:52:16.225Z
Unsubscribed: SCM_grid_2 - 2025-02-10T04:52:16.229Z
Unsubscribed: SCM_grid1 - 2025-02-10T04:52:16.227Z
Unsubscribed: SCM_grid_321 - 2025-02-10T04:52:16.228Z
Unsubscribed: SCM_grid_322 - 2025-02-10T04:52:16.230Z
Unsubscribed: SCM_grid3 - 2025-02-10T04:52:16.231Z
Unsubscribed: SCM_grid_323 - 2025-02-10T04:52:16.232Z
Unsubscribed: SCM_grid4 - 2025-02-10T04:52:16.235Z
Unsubscribed: SCM_grid_325 - 2025-02-10T04:52:16.239Z
Unsubscribed: SCM_grid6 - 2025-02-10T04:52:16.241Z
Unsubscribed: SCM_grid5 - 2025-02-10T04:52:16.238Z
Unsubscribed: SCM_grid_324 - 2025-02-10T04:52:16.237Z
Unsubscribed: SCM_grid_326 - 2025-02-10T04:52:16.243Z
Unsubscribed: SCM_grid7 - 2025-02-10T04:52:16.244Z
Unsubscribed: SCM_grid_327 - 2025-02-10T04:52:16.245Z
Unsubscribed: SCM_grid8 - 2025-02-10T04:52:16.246Z
Unsubscribed: SCM_grid_328 - 2025-02-10T04:52:16.247Z
Unsubscribed: SCM_grid9 - 2025-02-10T04:52:16.248Z
Unsubscribed: SCM_grid_329 - 2025-02-10T04:52:16.248Z
Subscribed: Root - 2025-02-10T04:52:40.577Z
Subscribed: CEEC300_155_78 - 2025-02-10T04:52:40.579Z
Subscribed: IOLINK_153_18 - 2025-02-10T04:52:40.581Z
Subscribed: IOLINK_154_16 - 2025-02-10T04:52:40.583Z
Subscribed: C300_262_88 - 2025-02-10T04:52:40.584Z
Subscribed: IOLINK_153_18 - 2025-02-10T04:52:40.586Z
Subscribed: IOLINK_154_16 - 2025-02-10T04:52:40.588Z
Subscribed: C300_262_88 - 2025-02-10T04:52:40.589Z
Subscribed: IOLINK_153_18 - 2025-02-10T04:52:40.591Z
Subscribed: IOLINK_154_16 - 2025-02-10T04:52:40.592Z
Subscribed: C300_262_88 - 2025-02-10T04:52:40.593Z
Subscribed: IOLINK_153_18 - 2025-02-10T04:52:40.594Z
Subscribed: C300_262_88 - 2025-02-10T04:52:40.597Z
Subscribed: IOLINK_153_18 - 2025-02-10T04:52:40.598Z
Subscribed: IOLINK_154_16 - 2025-02-10T04:52:40.599Z
Subscribed: IOLINK_154_16 - 2025-02-10T04:52:40.596Z
Subscribed: C300_262_88 - 2025-02-10T04:52:40.600Z
Subscribed: IOLINK_154_16 - 2025-02-10T04:52:40.602Z
Subscribed: IOLINK_153_18 - 2025-02-10T04:52:40.601Z
Subscribed: IOLINK_153_18 - 2025-02-10T04:52:40.605Z
Subscribed: C300_262_88 - 2025-02-10T04:52:40.603Z
Subscribed: CEEC300_155_78 - 2025-02-10T05:00:10.876Z
Subscribed: IOLINK_153_18 - 2025-02-10T05:00:10.877Z
Subscribed: IOLINK_154_16 - 2025-02-10T05:00:10.877Z
Subscribed: C300_262_88 - 2025-02-10T05:00:10.878Z
Subscribed: IOLINK_153_18 - 2025-02-10T05:00:10.879Z
Subscribed: IOLINK_154_16 - 2025-02-10T05:00:10.879Z
Subscribed: C300_262_88 - 2025-02-10T05:00:10.881Z
Subscribed: IOLINK_154_16 - 2025-02-10T05:00:10.883Z
Subscribed: IOLINK_153_18 - 2025-02-10T05:00:10.882Z
Subscribed: IOLINK_153_18 - 2025-02-10T05:00:10.885Z
Subscribed: C300_262_88 - 2025-02-10T05:00:10.884Z
Subscribed: IOLINK_153_18 - 2025-02-10T05:00:10.887Z
Subscribed: IOLINK_154_16 - 2025-02-10T05:00:10.886Z
Subscribed: C300_262_88 - 2025-02-10T05:00:10.887Z
Subscribed: IOLINK_154_16 - 2025-02-10T05:00:10.888Z
Subscribed: IOLINK_153_18 - 2025-02-10T05:00:10.890Z
Subscribed: C300_262_88 - 2025-02-10T05:00:10.889Z
Subscribed: IOLINK_154_16 - 2025-02-10T05:00:10.890Z
Subscribed: C300_262_88 - 2025-02-10T05:00:10.891Z
Subscribed: IOLINK_153_18 - 2025-02-10T05:00:10.892Z
Unsubscribed: CEEC300_155_78 - 2025-02-10T05:00:15.703Z
Unsubscribed: IOLINK_153_18 - 2025-02-10T05:00:15.705Z
Unsubscribed: IOLINK_154_16 - 2025-02-10T05:00:15.707Z
Unsubscribed: C300_262_88 - 2025-02-10T05:00:15.709Z
Unsubscribed: IOLINK_154_16 - 2025-02-10T05:00:15.713Z
Unsubscribed: IOLINK_153_18 - 2025-02-10T05:00:15.711Z
Unsubscribed: C300_262_88 - 2025-02-10T05:00:15.716Z
Unsubscribed: IOLINK_153_18 - 2025-02-10T05:00:15.718Z
Unsubscribed: IOLINK_154_16 - 2025-02-10T05:00:15.720Z
Unsubscribed: IOLINK_153_18 - 2025-02-10T05:00:15.724Z
Unsubscribed: C300_262_88 - 2025-02-10T05:00:15.722Z
Unsubscribed: IOLINK_154_16 - 2025-02-10T05:00:15.726Z
Unsubscribed: C300_262_88 - 2025-02-10T05:00:15.727Z
Unsubscribed: IOLINK_153_18 - 2025-02-10T05:00:15.729Z
Unsubscribed: IOLINK_154_16 - 2025-02-10T05:00:15.731Z
Unsubscribed: IOLINK_153_18 - 2025-02-10T05:00:15.735Z
Unsubscribed: C300_262_88 - 2025-02-10T05:00:15.733Z
Unsubscribed: IOLINK_154_16 - 2025-02-10T05:00:15.736Z
Unsubscribed: C300_262_88 - 2025-02-10T05:00:15.738Z
Unsubscribed: IOLINK_153_18 - 2025-02-10T05:00:15.740Z
Subscribed: Root - 2025-02-10T05:04:06.287Z
Subscribed: CEEC300_155_78 - 2025-02-10T05:04:06.288Z
Subscribed: IOLINK_153_18 - 2025-02-10T05:04:06.289Z
Subscribed: IOLINK_153_18 - 2025-02-10T05:04:06.290Z
Subscribed: C300_262_88 - 2025-02-10T05:04:06.290Z
Subscribed: IOLINK_154_16 - 2025-02-10T05:04:06.289Z
Subscribed: C300_262_88 - 2025-02-10T05:04:06.292Z
Subscribed: IOLINK_154_16 - 2025-02-10T05:04:06.291Z
Subscribed: IOLINK_153_18 - 2025-02-10T05:04:06.293Z
Subscribed: IOLINK_154_16 - 2025-02-10T05:04:06.293Z
Subscribed: C300_262_88 - 2025-02-10T05:04:06.294Z
Subscribed: IOLINK_154_16 - 2025-02-10T05:04:06.296Z
Subscribed: IOLINK_153_18 - 2025-02-10T05:04:06.295Z
Subscribed: C300_262_88 - 2025-02-10T05:04:06.298Z
Subscribed: IOLINK_153_18 - 2025-02-10T05:04:06.298Z
Subscribed: IOLINK_154_16 - 2025-02-10T05:04:06.299Z
Subscribed: IOLINK_153_18 - 2025-02-10T05:04:06.301Z
Subscribed: C300_262_88 - 2025-02-10T05:04:06.300Z
Subscribed: IOLINK_154_16 - 2025-02-10T05:04:06.302Z
Subscribed: IOLINK_153_18 - 2025-02-10T05:04:06.304Z
Subscribed: C300_262_88 - 2025-02-10T05:04:06.303Z
Unsubscribed: CEEC300_155_78 - 2025-02-10T05:05:05.012Z
Unsubscribed: IOLINK_153_18 - 2025-02-10T05:05:05.013Z
Unsubscribed: IOLINK_153_18 - 2025-02-10T05:05:05.016Z
Unsubscribed: IOLINK_154_16 - 2025-02-10T05:05:05.015Z
Unsubscribed: IOLINK_154_16 - 2025-02-10T05:05:05.017Z
Unsubscribed: C300_262_88 - 2025-02-10T05:05:05.016Z
Unsubscribed: C300_262_88 - 2025-02-10T05:05:05.019Z
Unsubscribed: IOLINK_153_18 - 2025-02-10T05:05:05.020Z
Subscribed: IOLINK_154_16 - 2025-02-10T05:05:05.021Z
Subscribed: C300_262_88 - 2025-02-10T05:05:05.022Z
Unsubscribed: IOLINK_153_18 - 2025-02-10T05:05:05.022Z
Subscribed: IOLINK_154_81 - 2025-02-10T05:05:05.027Z
Subscribed: C300_262_97 - 2025-02-10T05:05:05.029Z
Subscribed: CEEC300_155_65 - 2025-02-10T05:05:05.024Z
Subscribed: IOLINK_153_49 - 2025-02-10T05:05:05.025Z
Unsubscribed: IOLINK_154_16 - 2025-02-10T05:05:05.030Z
Subscribed: CEEC300_155_96 - 2025-02-10T05:05:05.031Z
Subscribed: IOLINK_153_61 - 2025-02-10T05:05:05.033Z
Unsubscribed: C300_262_88 - 2025-02-10T05:05:05.034Z
Subscribed: IOLINK_154_53 - 2025-02-10T05:05:05.034Z
Subscribed: C300_262_17 - 2025-02-10T05:05:05.035Z
Subscribed: CEEC300_155_14 - 2025-02-10T05:05:05.036Z
Subscribed: IOLINK_153_20 - 2025-02-10T05:05:05.037Z
Subscribed: C300_262_68 - 2025-02-10T05:05:05.041Z
Unsubscribed: IOLINK_153_18 - 2025-02-10T05:05:05.039Z
Subscribed: IOLINK_154_14 - 2025-02-10T05:05:05.039Z
Subscribed: CEEC300_155_51 - 2025-02-10T05:05:05.043Z
Unsubscribed: IOLINK_154_16 - 2025-02-10T05:05:05.044Z
Subscribed: C300_262_14 - 2025-02-10T05:05:05.046Z
Subscribed: IOLINK_154_5 - 2025-02-10T05:05:05.045Z
Subscribed: IOLINK_153_96 - 2025-02-10T05:05:05.044Z
Unsubscribed: C300_262_88 - 2025-02-10T05:05:05.047Z
Unsubscribed: IOLINK_153_18 - 2025-02-10T05:05:05.050Z
Subscribed: CEEC300_155_91 - 2025-02-10T05:05:05.049Z
Unsubscribed: IOLINK_154_16 - 2025-02-10T05:05:05.051Z
Subscribed: IOLINK_153_17 - 2025-02-10T05:05:05.050Z
Unsubscribed: C300_262_88 - 2025-02-10T05:05:05.052Z
Unsubscribed: IOLINK_154_16 - 2025-02-10T05:05:05.055Z
Unsubscribed: IOLINK_153_18 - 2025-02-10T05:05:05.054Z
Unsubscribed: C300_262_88 - 2025-02-10T05:05:05.056Z
Subscribed: CEEC300_155 - 2025-02-10T05:20:16.367Z
Subscribed: IOLINK_153 - 2025-02-10T05:20:16.369Z
Subscribed: IOLINK_154 - 2025-02-10T05:20:16.371Z
Subscribed: SCM_grid - 2025-02-10T05:20:16.374Z
Subscribed: SCM_grid_32 - 2025-02-10T05:20:16.375Z
Unsubscribed: IOLINK_154_16 - 2025-02-10T05:21:34.150Z
Subscribed: CEEC300_155_78 - 2025-02-10T05:21:34.152Z
Subscribed: IOLINK_153_18 - 2025-02-10T05:21:34.154Z
Unsubscribed: C300_262_88 - 2025-02-10T05:21:34.157Z
Subscribed: IOLINK_154_16 - 2025-02-10T05:21:34.155Z
Subscribed: C300_262_88 - 2025-02-10T05:21:34.159Z
Subscribed: IOLINK_154_16 - 2025-02-10T05:21:34.161Z
Subscribed: IOLINK_153_18 - 2025-02-10T05:21:34.160Z
Subscribed: C300_262_88 - 2025-02-10T05:21:34.162Z
Subscribed: IOLINK_153_18 - 2025-02-10T05:21:34.164Z
Unsubscribed: CEEC300_155_65 - 2025-02-10T05:21:34.167Z
Subscribed: C300_262_88 - 2025-02-10T05:21:34.169Z
Unsubscribed: IOLINK_153_49 - 2025-02-10T05:21:34.170Z
Subscribed: IOLINK_153_18 - 2025-02-10T05:21:34.171Z
Subscribed: IOLINK_154_16 - 2025-02-10T05:21:34.173Z
Subscribed: IOLINK_154_16 - 2025-02-10T05:21:34.166Z
Subscribed: C300_262_88 - 2025-02-10T05:21:34.175Z
Subscribed: IOLINK_153_18 - 2025-02-10T05:21:34.176Z
Subscribed: IOLINK_154_16 - 2025-02-10T05:21:34.178Z
Unsubscribed: IOLINK_154_81 - 2025-02-10T05:21:34.181Z
Subscribed: C300_262_88 - 2025-02-10T05:21:34.180Z
Subscribed: IOLINK_153_18 - 2025-02-10T05:21:34.184Z
Unsubscribed: C300_262_97 - 2025-02-10T05:21:34.186Z
Subscribed: IOLINK_153_18 - 2025-02-10T05:21:34.188Z
Subscribed: C300_262_88 - 2025-02-10T05:21:34.188Z
Subscribed: IOLINK_154_16 - 2025-02-10T05:21:34.187Z
Unsubscribed: IOLINK_153_61 - 2025-02-10T05:21:34.191Z
Unsubscribed: CEEC300_155_96 - 2025-02-10T05:21:34.190Z
Unsubscribed: IOLINK_154_53 - 2025-02-10T05:21:34.192Z
Unsubscribed: C300_262_17 - 2025-02-10T05:21:34.192Z
Unsubscribed: CEEC300_155_14 - 2025-02-10T05:21:34.193Z
Unsubscribed: IOLINK_153_20 - 2025-02-10T05:21:34.195Z
Unsubscribed: IOLINK_154_14 - 2025-02-10T05:21:34.196Z
Unsubscribed: C300_262_68 - 2025-02-10T05:21:34.196Z
Unsubscribed: CEEC300_155_51 - 2025-02-10T05:21:34.197Z
Unsubscribed: IOLINK_153_96 - 2025-02-10T05:21:34.199Z
Unsubscribed: IOLINK_154_5 - 2025-02-10T05:21:34.200Z
Unsubscribed: CEEC300_155_91 - 2025-02-10T05:21:34.202Z
Unsubscribed: C300_262_14 - 2025-02-10T05:21:34.202Z
Unsubscribed: IOLINK_153_17 - 2025-02-10T05:21:34.203Z
Unsubscribed: CEEC300_155 - 2025-02-10T05:40:56.551Z
Unsubscribed: IOLINK_153 - 2025-02-10T05:40:56.553Z
Unsubscribed: IOLINK_154 - 2025-02-10T05:40:56.556Z
Unsubscribed: SCM_grid - 2025-02-10T05:40:56.558Z
Unsubscribed: SCM_grid_32 - 2025-02-10T05:40:56.558Z
Subscribed: AO_203 - 2025-02-10T05:40:56.898Z
Subscribed: UIO-2_221 - 2025-02-10T05:40:56.900Z
Subscribed: DI-HV_169 - 2025-02-10T05:40:56.899Z
Subscribed: SCM_grid - 2025-02-10T05:41:00.227Z
Subscribed: SCM_grid_32 - 2025-02-10T05:41:00.228Z
Subscribed: SCM_grid1 - 2025-02-10T05:41:00.230Z
Subscribed: SCM_grid_321 - 2025-02-10T05:41:00.232Z
Subscribed: SCM_grid_2 - 2025-02-10T05:41:00.233Z
Subscribed: SCM_grid_322 - 2025-02-10T05:41:00.240Z
Subscribed: SCM_grid_323 - 2025-02-10T05:41:00.243Z
Subscribed: SCM_grid4 - 2025-02-10T05:41:00.243Z
Subscribed: SCM_grid_324 - 2025-02-10T05:41:00.244Z
Subscribed: SCM_grid3 - 2025-02-10T05:41:00.242Z
Subscribed: SCM_grid5 - 2025-02-10T05:41:00.246Z
Subscribed: SCM_grid6 - 2025-02-10T05:41:00.248Z
Subscribed: SCM_grid_326 - 2025-02-10T05:41:00.249Z
Subscribed: SCM_grid7 - 2025-02-10T05:41:00.251Z
Subscribed: SCM_grid_325 - 2025-02-10T05:41:00.247Z
Subscribed: SCM_grid_327 - 2025-02-10T05:41:00.252Z
Subscribed: SCM_grid8 - 2025-02-10T05:41:00.252Z
Subscribed: SCM_grid_328 - 2025-02-10T05:41:00.253Z
Subscribed: SCM_grid_329 - 2025-02-10T05:41:00.255Z
Subscribed: SCM_grid9 - 2025-02-10T05:41:00.254Z
Unsubscribed: SCM_grid - 2025-02-10T05:41:01.481Z
Unsubscribed: SCM_grid_32 - 2025-02-10T05:41:01.483Z
Unsubscribed: SCM_grid1 - 2025-02-10T05:41:01.484Z
Unsubscribed: SCM_grid_321 - 2025-02-10T05:41:01.486Z
Unsubscribed: SCM_grid_2 - 2025-02-10T05:41:01.487Z
Unsubscribed: SCM_grid_322 - 2025-02-10T05:41:01.488Z
Unsubscribed: SCM_grid3 - 2025-02-10T05:41:01.491Z
Unsubscribed: SCM_grid_323 - 2025-02-10T05:41:01.492Z
Unsubscribed: SCM_grid_324 - 2025-02-10T05:41:01.496Z
Unsubscribed: SCM_grid4 - 2025-02-10T05:41:01.494Z
Unsubscribed: SCM_grid5 - 2025-02-10T05:41:01.497Z
Unsubscribed: SCM_grid6 - 2025-02-10T05:41:01.501Z
Unsubscribed: SCM_grid_325 - 2025-02-10T05:41:01.499Z
Unsubscribed: SCM_grid7 - 2025-02-10T05:41:01.504Z
Unsubscribed: SCM_grid_326 - 2025-02-10T05:41:01.502Z
Unsubscribed: SCM_grid_327 - 2025-02-10T05:41:01.505Z
Unsubscribed: SCM_grid8 - 2025-02-10T05:41:01.507Z
Unsubscribed: SCM_grid_328 - 2025-02-10T05:41:01.509Z
Unsubscribed: SCM_grid_329 - 2025-02-10T05:41:01.511Z
Unsubscribed: SCM_grid9 - 2025-02-10T05:41:01.510Z
Subscribed: CEEC300_155 - 2025-02-10T05:41:02.772Z
Subscribed: IOLINK_154 - 2025-02-10T05:41:02.775Z
Subscribed: SCM_grid_32 - 2025-02-10T05:41:02.779Z
Subscribed: IOLINK_153 - 2025-02-10T05:41:02.773Z
Subscribed: SCM_grid - 2025-02-10T05:41:02.776Z
Subscribed: SCM_grid - 2025-02-10T05:41:03.560Z
Unsubscribed: CEEC300_155 - 2025-02-10T05:41:19.710Z
Unsubscribed: IOLINK_153 - 2025-02-10T05:41:19.715Z
Unsubscribed: IOLINK_154 - 2025-02-10T05:41:19.717Z
Unsubscribed: SCM_grid - 2025-02-10T05:41:19.718Z
Unsubscribed: SCM_grid_32 - 2025-02-10T05:41:19.720Z
Subscribed: AO_203 - 2025-02-10T05:41:20.070Z
Subscribed: DI-HV_169 - 2025-02-10T05:41:20.071Z
Subscribed: UIO-2_221 - 2025-02-10T05:41:20.073Z
Subscribed: AO_203_89 - 2025-02-10T05:41:20.074Z
Subscribed: DI-HV_169_45 - 2025-02-10T05:41:20.075Z
Subscribed: UIO-2_221_6 - 2025-02-10T05:41:20.076Z
Subscribed: Root - 2025-02-10T05:54:57.672Z
Subscribed: CEEC300_155_78 - 2025-02-10T05:54:57.673Z
Subscribed: IOLINK_153_18 - 2025-02-10T05:54:57.675Z
Subscribed: IOLINK_154_16 - 2025-02-10T05:54:57.677Z
Subscribed: IOLINK_153_18 - 2025-02-10T05:54:57.679Z
Subscribed: C300_262_88 - 2025-02-10T05:54:57.678Z
Subscribed: IOLINK_153_18 - 2025-02-10T05:54:57.683Z
Subscribed: IOLINK_154_16 - 2025-02-10T05:54:57.680Z
Subscribed: C300_262_88 - 2025-02-10T05:54:57.681Z
Subscribed: IOLINK_154_16 - 2025-02-10T05:54:57.686Z
Subscribed: C300_262_88 - 2025-02-10T05:54:57.687Z
Subscribed: IOLINK_153_18 - 2025-02-10T05:54:57.687Z
Subscribed: IOLINK_154_16 - 2025-02-10T05:54:57.688Z
Subscribed: C300_262_88 - 2025-02-10T05:54:57.689Z
Subscribed: IOLINK_153_18 - 2025-02-10T05:54:57.693Z
Subscribed: IOLINK_154_16 - 2025-02-10T05:54:57.694Z
Subscribed: IOLINK_153_18 - 2025-02-10T05:54:57.696Z
Subscribed: C300_262_88 - 2025-02-10T05:54:57.695Z
Subscribed: C300_262_88 - 2025-02-10T05:54:57.698Z
Subscribed: IOLINK_154_16 - 2025-02-10T05:54:57.697Z
Subscribed: IOLINK_153_18 - 2025-02-10T05:54:57.700Z
Subscribed: Root - 2025-02-10T06:00:21.230Z
Subscribed: IOLINK_154_16 - 2025-02-10T06:00:21.234Z
Subscribed: IOLINK_153_18 - 2025-02-10T06:00:21.233Z
Subscribed: C300_262_88 - 2025-02-10T06:00:21.234Z
Subscribed: CEEC300_155_78 - 2025-02-10T06:00:21.232Z
Subscribed: C300_262_88 - 2025-02-10T06:00:21.236Z
Subscribed: IOLINK_154_16 - 2025-02-10T06:00:21.235Z
Subscribed: IOLINK_153_18 - 2025-02-10T06:00:21.237Z
Subscribed: IOLINK_153_18 - 2025-02-10T06:00:21.235Z
Subscribed: IOLINK_154_16 - 2025-02-10T06:00:21.237Z
Subscribed: C300_262_88 - 2025-02-10T06:00:21.238Z
Subscribed: C300_262_88 - 2025-02-10T06:00:21.242Z
Subscribed: IOLINK_153_18 - 2025-02-10T06:00:21.239Z
Subscribed: IOLINK_153_18 - 2025-02-10T06:00:21.243Z
Subscribed: IOLINK_154_16 - 2025-02-10T06:00:21.240Z
Subscribed: IOLINK_154_16 - 2025-02-10T06:00:21.244Z
Subscribed: C300_262_88 - 2025-02-10T06:00:21.245Z
Subscribed: IOLINK_154_16 - 2025-02-10T06:00:21.248Z
Subscribed: C300_262_88 - 2025-02-10T06:00:21.249Z
Subscribed: IOLINK_153_18 - 2025-02-10T06:00:21.247Z
Subscribed: IOLINK_153_18 - 2025-02-10T06:00:21.250Z
Subscribed: IOLINK_153 - 2025-02-10T06:00:40.479Z
Subscribed: IOLINK_154 - 2025-02-10T06:00:40.480Z
Subscribed: SCM_grid - 2025-02-10T06:00:40.481Z
Subscribed: SCM_grid_32 - 2025-02-10T06:00:40.482Z
Subscribed: CEEC300_155 - 2025-02-10T06:00:40.477Z
Subscribed: C300_262_14 - 2025-02-10T06:44:25.678Z
Unsubscribed: CEEC300_155_78 - 2025-02-10T06:44:25.675Z
Unsubscribed: IOLINK_153_18 - 2025-02-10T06:44:25.679Z
Subscribed: CEEC300_155_91 - 2025-02-10T06:44:25.680Z
Subscribed: IOLINK_153_17 - 2025-02-10T06:44:25.681Z
Unsubscribed: IOLINK_154_16 - 2025-02-10T06:44:25.682Z
Unsubscribed: IOLINK_153_18 - 2025-02-10T06:44:25.685Z
Unsubscribed: C300_262_88 - 2025-02-10T06:44:25.684Z
Unsubscribed: C300_262_88 - 2025-02-10T06:44:25.688Z
Unsubscribed: IOLINK_153_18 - 2025-02-10T06:44:25.688Z
Unsubscribed: IOLINK_154_16 - 2025-02-10T06:44:25.689Z
Unsubscribed: C300_262_88 - 2025-02-10T06:44:25.695Z
Unsubscribed: IOLINK_154_16 - 2025-02-10T06:44:25.687Z
Unsubscribed: IOLINK_153_18 - 2025-02-10T06:44:25.697Z
Unsubscribed: IOLINK_154_16 - 2025-02-10T06:44:25.698Z
Unsubscribed: C300_262_88 - 2025-02-10T06:44:25.700Z
Unsubscribed: IOLINK_154_16 - 2025-02-10T06:44:25.703Z
Unsubscribed: IOLINK_153_18 - 2025-02-10T06:44:25.701Z
Unsubscribed: C300_262_88 - 2025-02-10T06:44:25.705Z
Unsubscribed: IOLINK_153_18 - 2025-02-10T06:44:25.706Z
Unsubscribed: IOLINK_154_16 - 2025-02-10T06:44:25.708Z
Unsubscribed: C300_262_88 - 2025-02-10T06:44:25.709Z
Unsubscribed: IOLINK_153_18 - 2025-02-10T06:44:25.710Z
Subscribed: IOLINK_154_16 - 2025-02-10T06:44:25.716Z
Subscribed: C300_262_88 - 2025-02-10T06:44:25.721Z
Subscribed: CEEC300_155_65 - 2025-02-10T06:44:25.723Z
Subscribed: CEEC300_155_96 - 2025-02-10T06:44:25.722Z
Subscribed: IOLINK_154_81 - 2025-02-10T06:44:25.725Z
Subscribed: IOLINK_153_49 - 2025-02-10T06:44:25.725Z
Subscribed: C300_262_97 - 2025-02-10T06:44:25.727Z
Subscribed: IOLINK_153_61 - 2025-02-10T06:44:25.729Z
Subscribed: IOLINK_154_53 - 2025-02-10T06:44:25.734Z
Subscribed: C300_262_17 - 2025-02-10T06:44:25.736Z
Subscribed: IOLINK_153_20 - 2025-02-10T06:44:25.744Z
Subscribed: CEEC300_155_14 - 2025-02-10T06:44:25.737Z
Subscribed: IOLINK_154_14 - 2025-02-10T06:44:25.747Z
Subscribed: CEEC300_155_51 - 2025-02-10T06:44:25.749Z
Subscribed: C300_262_68 - 2025-02-10T06:44:25.748Z
Subscribed: IOLINK_154_5 - 2025-02-10T06:44:25.752Z
Subscribed: IOLINK_153_96 - 2025-02-10T06:44:25.751Z
Subscribed: Root - 2025-02-10T06:44:34.656Z
Subscribed: IOLINK_154_16 - 2025-02-10T06:44:34.657Z
Subscribed: C300_262_88 - 2025-02-10T06:44:34.659Z
Subscribed: IOLINK_153_18 - 2025-02-10T06:44:34.660Z
Subscribed: C300_262_88 - 2025-02-10T06:44:34.662Z
Subscribed: IOLINK_154_16 - 2025-02-10T06:44:34.661Z
Subscribed: IOLINK_153_18 - 2025-02-10T06:44:34.663Z
Subscribed: IOLINK_154_16 - 2025-02-10T06:44:34.665Z
Subscribed: C300_262_88 - 2025-02-10T06:44:34.666Z
Subscribed: CEEC300_155_78 - 2025-02-10T06:44:34.667Z
Subscribed: IOLINK_153_18 - 2025-02-10T06:44:34.669Z
Subscribed: IOLINK_153_18 - 2025-02-10T06:44:34.670Z
Subscribed: IOLINK_154_16 - 2025-02-10T06:44:34.672Z
Subscribed: C300_262_88 - 2025-02-10T06:44:34.672Z
Subscribed: IOLINK_153_18 - 2025-02-10T06:44:34.673Z
Subscribed: IOLINK_154_16 - 2025-02-10T06:44:34.674Z
Subscribed: C300_262_88 - 2025-02-10T06:44:34.675Z
Subscribed: IOLINK_153_18 - 2025-02-10T06:44:34.677Z
Subscribed: C300_262_88 - 2025-02-10T06:44:34.682Z
Subscribed: IOLINK_154_16 - 2025-02-10T06:44:34.680Z
Subscribed: IOLINK_153_18 - 2025-02-10T06:44:34.683Z
Subscribed: SCM_grid - 2025-02-10T06:44:44.253Z
Subscribed: SCM_grid6 - 2025-02-10T06:44:44.254Z
Subscribed: SCM_grid7 - 2025-02-10T06:44:44.256Z
Subscribed: SCM_grid_326 - 2025-02-10T06:44:44.255Z
Subscribed: SCM_grid8 - 2025-02-10T06:44:44.259Z
Subscribed: SCM_grid_328 - 2025-02-10T06:44:44.260Z
Subscribed: SCM_grid_327 - 2025-02-10T06:44:44.258Z
Subscribed: SCM_grid9 - 2025-02-10T06:44:44.261Z
Subscribed: SCM_grid_321 - 2025-02-10T06:44:44.268Z
Subscribed: SCM_grid_329 - 2025-02-10T06:44:44.262Z
Subscribed: SCM_grid_32 - 2025-02-10T06:44:44.263Z
Subscribed: SCM_grid_2 - 2025-02-10T06:44:44.269Z
Subscribed: SCM_grid1 - 2025-02-10T06:44:44.264Z
Subscribed: SCM_grid_322 - 2025-02-10T06:44:44.271Z
Subscribed: SCM_grid_323 - 2025-02-10T06:44:44.273Z
Subscribed: SCM_grid3 - 2025-02-10T06:44:44.272Z
Subscribed: SCM_grid4 - 2025-02-10T06:44:44.273Z
Subscribed: SCM_grid_324 - 2025-02-10T06:44:44.274Z
Subscribed: SCM_grid5 - 2025-02-10T06:44:44.275Z
Subscribed: SCM_grid_325 - 2025-02-10T06:44:44.276Z
Unsubscribed: CEEC300_155_78 - 2025-02-10T06:45:23.318Z
Unsubscribed: IOLINK_154_16 - 2025-02-10T06:45:23.319Z
Unsubscribed: IOLINK_154_16 - 2025-02-10T06:45:23.323Z
Unsubscribed: C300_262_88 - 2025-02-10T06:45:23.324Z
Unsubscribed: IOLINK_153_18 - 2025-02-10T06:45:23.326Z
Unsubscribed: IOLINK_154_16 - 2025-02-10T06:45:23.326Z
Unsubscribed: C300_262_88 - 2025-02-10T06:45:23.321Z
Unsubscribed: IOLINK_153_18 - 2025-02-10T06:45:23.322Z
Unsubscribed: C300_262_88 - 2025-02-10T06:45:23.327Z
Unsubscribed: IOLINK_153_18 - 2025-02-10T06:45:23.330Z
Unsubscribed: IOLINK_153_18 - 2025-02-10T06:45:23.328Z
Subscribed: C300_262_88 - 2025-02-10T06:45:23.332Z
Subscribed: IOLINK_154_16 - 2025-02-10T06:45:23.331Z
Subscribed: CEEC300_155_65 - 2025-02-10T06:45:23.333Z
Subscribed: IOLINK_154_81 - 2025-02-10T06:45:23.336Z
Unsubscribed: IOLINK_154_16 - 2025-02-10T06:45:23.335Z
Subscribed: IOLINK_153_49 - 2025-02-10T06:45:23.336Z
Subscribed: C300_262_97 - 2025-02-10T06:45:23.337Z
Unsubscribed: C300_262_88 - 2025-02-10T06:45:23.339Z
Unsubscribed: IOLINK_153_18 - 2025-02-10T06:45:23.342Z
Subscribed: CEEC300_155_96 - 2025-02-10T06:45:23.340Z
Subscribed: IOLINK_153_61 - 2025-02-10T06:45:23.341Z
Subscribed: IOLINK_154_53 - 2025-02-10T06:45:23.343Z
Subscribed: C300_262_17 - 2025-02-10T06:45:23.344Z
Subscribed: CEEC300_155_14 - 2025-02-10T06:45:23.345Z
Unsubscribed: IOLINK_154_16 - 2025-02-10T06:45:23.346Z
Subscribed: IOLINK_153_20 - 2025-02-10T06:45:23.349Z
Subscribed: IOLINK_154_14 - 2025-02-10T06:45:23.351Z
Unsubscribed: C300_262_88 - 2025-02-10T06:45:23.355Z
Subscribed: C300_262_68 - 2025-02-10T06:45:23.353Z
Subscribed: CEEC300_155_51 - 2025-02-10T06:45:23.356Z
Subscribed: IOLINK_154_5 - 2025-02-10T06:45:23.358Z
Subscribed: IOLINK_153_96 - 2025-02-10T06:45:23.357Z
Subscribed: IOLINK_153_17 - 2025-02-10T06:45:23.364Z
Unsubscribed: IOLINK_153_18 - 2025-02-10T06:45:23.361Z
Subscribed: CEEC300_155_91 - 2025-02-10T06:45:23.362Z
Subscribed: C300_262_14 - 2025-02-10T06:45:23.359Z
Unsubscribed: IOLINK_154_16 - 2025-02-10T06:45:23.365Z
Unsubscribed: C300_262_88 - 2025-02-10T06:45:23.366Z
Unsubscribed: IOLINK_153_18 - 2025-02-10T06:45:23.367Z
Unsubscribed: IOLINK_154_16 - 2025-02-10T06:45:38.988Z
Unsubscribed: IOLINK_154_14 - 2025-02-10T06:45:38.989Z
Unsubscribed: C300_262_68 - 2025-02-10T06:45:38.990Z
Unsubscribed: CEEC300_155_51 - 2025-02-10T06:45:38.991Z
Unsubscribed: IOLINK_153_96 - 2025-02-10T06:45:38.992Z
Unsubscribed: IOLINK_154_5 - 2025-02-10T06:45:38.992Z
Unsubscribed: C300_262_14 - 2025-02-10T06:45:38.993Z
Unsubscribed: CEEC300_155_91 - 2025-02-10T06:45:38.994Z
Unsubscribed: IOLINK_153_17 - 2025-02-10T06:45:38.995Z
Subscribed: IOLINK_154_4 - 2025-02-10T06:45:38.995Z
Unsubscribed: C300_262_88 - 2025-02-10T06:45:39.003Z
Subscribed: C300_262_48 - 2025-02-10T06:45:39.002Z
Subscribed: CEEC300_155_99 - 2025-02-10T06:45:39.004Z
Subscribed: IOLINK_153_46 - 2025-02-10T06:45:39.006Z
Unsubscribed: CEEC300_155_65 - 2025-02-10T06:45:39.005Z
Subscribed: IOLINK_154_70 - 2025-02-10T06:45:39.007Z
Unsubscribed: IOLINK_153_49 - 2025-02-10T06:45:39.010Z
Subscribed: C300_262_65 - 2025-02-10T06:45:39.012Z
Subscribed: CEEC300_155_20 - 2025-02-10T06:45:39.013Z
Subscribed: IOLINK_153_43 - 2025-02-10T06:45:39.014Z
Unsubscribed: IOLINK_154_81 - 2025-02-10T06:45:39.016Z
Subscribed: IOLINK_154_90 - 2025-02-10T06:45:39.016Z
Subscribed: C300_262_70 - 2025-02-10T06:45:39.018Z
Subscribed: CEEC300_155_39 - 2025-02-10T06:45:39.019Z
Subscribed: IOLINK_153_32 - 2025-02-10T06:45:39.020Z
Unsubscribed: C300_262_97 - 2025-02-10T06:45:39.021Z
Subscribed: IOLINK_154_10 - 2025-02-10T06:45:39.021Z
Subscribed: CEEC300_155_86 - 2025-02-10T06:45:39.023Z
Subscribed: C300_262_53 - 2025-02-10T06:45:39.022Z
Subscribed: IOLINK_153_99 - 2025-02-10T06:45:39.024Z
Unsubscribed: CEEC300_155_96 - 2025-02-10T06:45:39.025Z
Subscribed: IOLINK_154_29 - 2025-02-10T06:45:39.026Z
Subscribed: CEEC300_155_27 - 2025-02-10T06:45:39.029Z
Subscribed: C300_262_6 - 2025-02-10T06:45:39.028Z
Unsubscribed: IOLINK_154_53 - 2025-02-10T06:45:39.032Z
Subscribed: IOLINK_153_55 - 2025-02-10T06:45:39.030Z
Unsubscribed: IOLINK_153_61 - 2025-02-10T06:45:39.031Z
Unsubscribed: CEEC300_155_14 - 2025-02-10T06:45:39.035Z
Unsubscribed: C300_262_17 - 2025-02-10T06:45:39.033Z
Unsubscribed: IOLINK_153_20 - 2025-02-10T06:45:39.037Z
Unsubscribed: IOLINK_154_4 - 2025-02-10T06:45:43.919Z
Unsubscribed: CEEC300_155_99 - 2025-02-10T06:45:43.922Z
Unsubscribed: C300_262_48 - 2025-02-10T06:45:43.921Z
Unsubscribed: IOLINK_153_46 - 2025-02-10T06:45:43.923Z
Unsubscribed: IOLINK_154_70 - 2025-02-10T06:45:43.924Z
Unsubscribed: C300_262_65 - 2025-02-10T06:45:43.925Z
Unsubscribed: CEEC300_155_20 - 2025-02-10T06:45:43.927Z
Unsubscribed: IOLINK_153_43 - 2025-02-10T06:45:43.928Z
Unsubscribed: IOLINK_154_90 - 2025-02-10T06:45:43.929Z
Unsubscribed: C300_262_70 - 2025-02-10T06:45:43.930Z
Unsubscribed: CEEC300_155_39 - 2025-02-10T06:45:43.931Z
Unsubscribed: IOLINK_153_32 - 2025-02-10T06:45:43.932Z
Unsubscribed: IOLINK_154_10 - 2025-02-10T06:45:43.933Z
Unsubscribed: C300_262_53 - 2025-02-10T06:45:43.934Z
Unsubscribed: CEEC300_155_86 - 2025-02-10T06:45:43.935Z
Unsubscribed: IOLINK_153_99 - 2025-02-10T06:45:43.936Z
Unsubscribed: IOLINK_154_29 - 2025-02-10T06:45:43.939Z
Unsubscribed: CEEC300_155_27 - 2025-02-10T06:45:43.941Z
Unsubscribed: C300_262_6 - 2025-02-10T06:45:43.940Z
Subscribed: IOLINK_154_89 - 2025-02-10T06:45:43.944Z
Unsubscribed: IOLINK_153_55 - 2025-02-10T06:45:43.942Z
Subscribed: CEEC300_155_76 - 2025-02-10T06:45:43.946Z
Subscribed: IOLINK_153_91 - 2025-02-10T06:45:43.946Z
Subscribed: C300_262_81 - 2025-02-10T06:45:43.945Z
Subscribed: IOLINK_154_61 - 2025-02-10T06:45:43.947Z
Subscribed: CEEC300_155_18 - 2025-02-10T06:45:43.949Z
Subscribed: C300_262_52 - 2025-02-10T06:45:43.948Z
Subscribed: IOLINK_153_78 - 2025-02-10T06:45:43.950Z
Subscribed: IOLINK_154_8 - 2025-02-10T06:45:43.951Z
Subscribed: C300_262_70 - 2025-02-10T06:45:43.952Z
Subscribed: CEEC300_155_89 - 2025-02-10T06:45:43.954Z
Subscribed: IOLINK_153_41 - 2025-02-10T06:45:43.955Z
Subscribed: IOLINK_154_25 - 2025-02-10T06:45:43.956Z
Subscribed: C300_262_63 - 2025-02-10T06:45:43.957Z
Subscribed: CEEC300_155_86 - 2025-02-10T06:45:43.958Z
Subscribed: IOLINK_153_75 - 2025-02-10T06:45:43.959Z
Subscribed: IOLINK_154_2 - 2025-02-10T06:45:43.960Z
Subscribed: CEEC300_155_47 - 2025-02-10T06:45:43.963Z
Subscribed: C300_262_32 - 2025-02-10T06:45:43.962Z
Subscribed: IOLINK_153_71 - 2025-02-10T06:45:43.965Z
Unsubscribed: IOLINK_154_89 - 2025-02-10T06:46:14.578Z
Subscribed: C300_262_36 - 2025-02-10T06:46:14.581Z
Unsubscribed: C300_262_81 - 2025-02-10T06:46:14.583Z
Subscribed: CEEC300_155_28 - 2025-02-10T06:46:14.584Z
Subscribed: IOLINK_153_83 - 2025-02-10T06:46:14.584Z
Subscribed: IOLINK_154_89 - 2025-02-10T06:46:14.585Z
Unsubscribed: CEEC300_155_76 - 2025-02-10T06:46:14.586Z
Subscribed: CEEC300_155_51 - 2025-02-10T06:46:14.588Z
Subscribed: C300_262_23 - 2025-02-10T06:46:14.587Z
Unsubscribed: IOLINK_153_91 - 2025-02-10T06:46:14.589Z
Subscribed: IOLINK_153_49 - 2025-02-10T06:46:14.590Z
Subscribed: IOLINK_154_85 - 2025-02-10T06:46:14.591Z
Unsubscribed: IOLINK_154_61 - 2025-02-10T06:46:14.593Z
Subscribed: C300_262_51 - 2025-02-10T06:46:14.592Z
Subscribed: IOLINK_153_58 - 2025-02-10T06:46:14.596Z
Subscribed: CEEC300_155_51 - 2025-02-10T06:46:14.594Z
Subscribed: IOLINK_154_82 - 2025-02-10T06:46:14.598Z
Subscribed: CEEC300_155_51 - 2025-02-10T06:46:14.602Z
Unsubscribed: C300_262_52 - 2025-02-10T06:46:14.599Z
Subscribed: IOLINK_153_88 - 2025-02-10T06:46:14.602Z
Subscribed: C300_262_95 - 2025-02-10T06:46:14.601Z
Unsubscribed: CEEC300_155_18 - 2025-02-10T06:46:14.604Z
Unsubscribed: IOLINK_153_78 - 2025-02-10T06:46:14.605Z
Unsubscribed: IOLINK_154_8 - 2025-02-10T06:46:14.606Z
Unsubscribed: CEEC300_155_89 - 2025-02-10T06:46:14.609Z
Unsubscribed: C300_262_70 - 2025-02-10T06:46:14.607Z
Unsubscribed: IOLINK_154_25 - 2025-02-10T06:46:14.612Z
Unsubscribed: IOLINK_153_41 - 2025-02-10T06:46:14.611Z
Unsubscribed: C300_262_63 - 2025-02-10T06:46:14.613Z
Unsubscribed: CEEC300_155_86 - 2025-02-10T06:46:14.614Z
Unsubscribed: IOLINK_153_75 - 2025-02-10T06:46:14.615Z
Unsubscribed: IOLINK_154_2 - 2025-02-10T06:46:14.616Z
Unsubscribed: C300_262_32 - 2025-02-10T06:46:14.617Z
Subscribed: IOLINK_154_80 - 2025-02-10T06:46:14.621Z
Unsubscribed: IOLINK_153_71 - 2025-02-10T06:46:14.620Z
Unsubscribed: CEEC300_155_47 - 2025-02-10T06:46:14.619Z
Subscribed: CEEC300_155_79 - 2025-02-10T06:46:14.624Z
Subscribed: C300_262_32 - 2025-02-10T06:46:14.622Z
Subscribed: IOLINK_153_57 - 2025-02-10T06:46:14.624Z
Subscribed: IOLINK_154_48 - 2025-02-10T06:46:14.625Z
